# JRE version: Java(TM) SE Runtime Environment (8.0_122-b04) (build 1.8.0_122-ea-b04)
# Java VM: Java HotSpot(TM) 64-Bit Server VM (25.122-b04 mixed mode windows-amd64 compressed oops)
Heap:
 PSYoungGen      total 547840K, used 148185K [0x0000000715c00000, 0x0000000778800000, 0x00000007c0000000)
  eden space 526336K, 25% used [0x0000000715c00000,0x000000071dcbf9c8,0x0000000735e00000)
  from space 21504K, 76% used [0x0000000735e00000,0x0000000736df6ca0,0x0000000737300000)
  to   space 282624K, 0% used [0x0000000767400000,0x0000000767400000,0x0000000778800000)
 ParOldGen       total 907776K, used 418541K [0x00000005c1400000, 0x00000005f8a80000, 0x0000000715c00000)
  object space 907776K, 46% used [0x00000005c1400000,0x00000005dacbb5f8,0x00000005f8a80000)
 Metaspace       used 12848K, capacity 13011K, committed 13312K, reserved 1060864K
  class space    used 1187K, capacity 1257K, committed 1280K, reserved 1048576K
GC Heap History (10 events):
Event: 1.300 GC heap before
{Heap before GC invocations=2 (full 0):
 PSYoungGen      total 153088K, used 152483K [0x0000000715c00000, 0x0000000728700000, 0x00000007c0000000)
  eden space 131584K, 99% used [0x0000000715c00000,0x000000071dbf0150,0x000000071dc80000)
  from space 21504K, 99% used [0x000000071dc80000,0x000000071f178e18,0x000000071f180000)
  to   space 21504K, 0% used [0x0000000727200000,0x0000000727200000,0x0000000728700000)
 ParOldGen       total 349696K, used 3845K [0x00000005c1400000, 0x00000005d6980000, 0x0000000715c00000)
  object space 349696K, 1% used [0x00000005c1400000,0x00000005c17c1728,0x00000005d6980000)
 Metaspace       used 12536K, capacity 12723K, committed 13056K, reserved 1060864K
  class space    used 1168K, capacity 1225K, committed 1280K, reserved 1048576K
Event: 1.304 GC heap after
Heap after GC invocations=2 (full 0):
 PSYoungGen      total 284672K, used 21490K [0x0000000715c00000, 0x0000000728700000, 0x00000007c0000000)
  eden space 263168K, 0% used [0x0000000715c00000,0x0000000715c00000,0x0000000725d00000)
  from space 21504K, 99% used [0x0000000727200000,0x00000007286fcb68,0x0000000728700000)
  to   space 21504K, 0% used [0x0000000725d00000,0x0000000725d00000,0x0000000727200000)
 ParOldGen       total 349696K, used 3869K [0x00000005c1400000, 0x00000005d6980000, 0x0000000715c00000)
  object space 349696K, 1% used [0x00000005c1400000,0x00000005c17c7728,0x00000005d6980000)
 Metaspace       used 12536K, capacity 12723K, committed 13056K, reserved 1060864K
  class space    used 1168K, capacity 1225K, committed 1280K, reserved 1048576K
}
Event: 1.658 GC heap before
{Heap before GC invocations=3 (full 0):
 PSYoungGen      total 284672K, used 284658K [0x0000000715c00000, 0x0000000728700000, 0x00000007c0000000)
  eden space 263168K, 100% used [0x0000000715c00000,0x0000000725d00000,0x0000000725d00000)
  from space 21504K, 99% used [0x0000000727200000,0x00000007286fcb68,0x0000000728700000)
  to   space 21504K, 0% used [0x0000000725d00000,0x0000000725d00000,0x0000000727200000)
 ParOldGen       total 349696K, used 3869K [0x00000005c1400000, 0x00000005d6980000, 0x0000000715c00000)
  object space 349696K, 1% used [0x00000005c1400000,0x00000005c17c7728,0x00000005d6980000)
 Metaspace       used 12536K, capacity 12723K, committed 13056K, reserved 1060864K
  class space    used 1168K, capacity 1225K, committed 1280K, reserved 1048576K
Event: 1.667 GC heap after
Heap after GC invocations=3 (full 0):
 PSYoungGen      total 284672K, used 20013K [0x0000000715c00000, 0x0000000738800000, 0x00000007c0000000)
  eden space 263168K, 0% used [0x0000000715c00000,0x0000000715c00000,0x0000000725d00000)
  from space 21504K, 93% used [0x0000000725d00000,0x000000072708b508,0x0000000727200000)
  to   space 21504K, 0% used [0x0000000737300000,0x0000000737300000,0x0000000738800000)
 ParOldGen       total 349696K, used 22841K [0x00000005c1400000, 0x00000005d6980000, 0x0000000715c00000)
  object space 349696K, 6% used [0x00000005c1400000,0x00000005c2a4e738,0x00000005d6980000)
 Metaspace       used 12536K, capacity 12723K, committed 13056K, reserved 1060864K
  class space    used 1168K, capacity 1225K, committed 1280K, reserved 1048576K
}
Event: 1.981 GC heap before
{Heap before GC invocations=4 (full 0):
 PSYoungGen      total 284672K, used 282738K [0x0000000715c00000, 0x0000000738800000, 0x00000007c0000000)
  eden space 263168K, 99% used [0x0000000715c00000,0x0000000725c91320,0x0000000725d00000)
  from space 21504K, 93% used [0x0000000725d00000,0x000000072708b508,0x0000000727200000)
  to   space 21504K, 0% used [0x0000000737300000,0x0000000737300000,0x0000000738800000)
 ParOldGen       total 349696K, used 22841K [0x00000005c1400000, 0x00000005d6980000, 0x0000000715c00000)
  object space 349696K, 6% used [0x00000005c1400000,0x00000005c2a4e738,0x00000005d6980000)
 Metaspace       used 12536K, capacity 12723K, committed 13056K, reserved 1060864K
  class space    used 1168K, capacity 1225K, committed 1280K, reserved 1048576K
Event: 1.989 GC heap after
Heap after GC invocations=4 (full 0):
 PSYoungGen      total 547840K, used 21269K [0x0000000715c00000, 0x0000000738800000, 0x00000007c0000000)
  eden space 526336K, 0% used [0x0000000715c00000,0x0000000715c00000,0x0000000735e00000)
  from space 21504K, 98% used [0x0000000737300000,0x00000007387c5708,0x0000000738800000)
  to   space 21504K, 0% used [0x0000000735e00000,0x0000000735e00000,0x0000000737300000)
 ParOldGen       total 349696K, used 37960K [0x00000005c1400000, 0x00000005d6980000, 0x0000000715c00000)
  object space 349696K, 10% used [0x00000005c1400000,0x00000005c39122e8,0x00000005d6980000)
 Metaspace       used 12536K, capacity 12723K, committed 13056K, reserved 1060864K
  class space    used 1168K, capacity 1225K, committed 1280K, reserved 1048576K
}
Event: 2.851 GC heap before
{Heap before GC invocations=5 (full 0):
 PSYoungGen      total 547840K, used 547605K [0x0000000715c00000, 0x0000000738800000, 0x00000007c0000000)
  eden space 526336K, 100% used [0x0000000715c00000,0x0000000735e00000,0x0000000735e00000)
  from space 21504K, 98% used [0x0000000737300000,0x00000007387c5708,0x0000000738800000)
  to   space 21504K, 0% used [0x0000000735e00000,0x0000000735e00000,0x0000000737300000)
 ParOldGen       total 349696K, used 37960K [0x00000005c1400000, 0x00000005d6980000, 0x0000000715c00000)
  object space 349696K, 10% used [0x00000005c1400000,0x00000005c39122e8,0x00000005d6980000)
 Metaspace       used 12846K, capacity 13011K, committed 13312K, reserved 1060864K
  class space    used 1186K, capacity 1257K, committed 1280K, reserved 1048576K
Event: 2.914 GC heap after
Heap after GC invocations=5 (full 0):
 PSYoungGen      total 547840K, used 21500K [0x0000000715c00000, 0x0000000778800000, 0x00000007c0000000)
  eden space 526336K, 0% used [0x0000000715c00000,0x0000000715c00000,0x0000000735e00000)
  from space 21504K, 99% used [0x0000000735e00000,0x00000007372ff1e0,0x0000000737300000)
  to   space 282624K, 0% used [0x0000000767400000,0x0000000767400000,0x0000000778800000)
 ParOldGen       total 418816K, used 417118K [0x00000005c1400000, 0x00000005dad00000, 0x0000000715c00000)
  object space 418816K, 99% used [0x00000005c1400000,0x00000005dab57a20,0x00000005dad00000)
 Metaspace       used 12846K, capacity 13011K, committed 13312K, reserved 1060864K
  class space    used 1186K, capacity 1257K, committed 1280K, reserved 1048576K
}
Event: 2.914 GC heap before
{Heap before GC invocations=6 (full 1):
 PSYoungGen      total 547840K, used 21500K [0x0000000715c00000, 0x0000000778800000, 0x00000007c0000000)
  eden space 526336K, 0% used [0x0000000715c00000,0x0000000715c00000,0x0000000735e00000)
  from space 21504K, 99% used [0x0000000735e00000,0x00000007372ff1e0,0x0000000737300000)
  to   space 282624K, 0% used [0x0000000767400000,0x0000000767400000,0x0000000778800000)
 ParOldGen       total 418816K, used 417118K [0x00000005c1400000, 0x00000005dad00000, 0x0000000715c00000)
  object space 418816K, 99% used [0x00000005c1400000,0x00000005dab57a20,0x00000005dad00000)
 Metaspace       used 12846K, capacity 13011K, committed 13312K, reserved 1060864K
  class space    used 1186K, capacity 1257K, committed 1280K, reserved 1048576K
Event: 3.101 GC heap after
Heap after GC invocations=6 (full 1):
 PSYoungGen      total 547840K, used 16347K [0x0000000715c00000, 0x0000000778800000, 0x00000007c0000000)
  eden space 526336K, 0% used [0x0000000715c00000,0x0000000715c00000,0x0000000735e00000)
  from space 21504K, 76% used [0x0000000735e00000,0x0000000736df6ca0,0x0000000737300000)
  to   space 282624K, 0% used [0x0000000767400000,0x0000000767400000,0x0000000778800000)
 ParOldGen       total 907776K, used 418541K [0x00000005c1400000, 0x00000005f8a80000, 0x0000000715c00000)
  object space 907776K, 46% used [0x00000005c1400000,0x00000005dacbb5f8,0x00000005f8a80000)
 Metaspace       used 12846K, capacity 13011K, committed 13312K, reserved 1060864K
  class space    used 1186K, capacity 1257K, committed 1280K, reserved 1048576K
}

